Determining if the pthread_create exist failed with the following output:
Change Dir: /home/yuta/catkin_ws/src/roomba_robot/roomba_500driver_meiji/build/CMakeFiles/CMakeTmp

Run Build Command:/usr/bin/make "cmTryCompileExec3212432287/fast"
make[1]: ディレクトリ `/home/yuta/catkin_ws/src/roomba_robot/roomba_500driver_meiji/build/CMakeFiles/CMakeTmp' に入ります
/usr/bin/make -f CMakeFiles/cmTryCompileExec3212432287.dir/build.make CMakeFiles/cmTryCompileExec3212432287.dir/build
make[2]: ディレクトリ `/home/yuta/catkin_ws/src/roomba_robot/roomba_500driver_meiji/build/CMakeFiles/CMakeTmp' に入ります
/usr/bin/cmake -E cmake_progress_report /home/yuta/catkin_ws/src/roomba_robot/roomba_500driver_meiji/build/CMakeFiles/CMakeTmp/CMakeFiles 1
Building C object CMakeFiles/cmTryCompileExec3212432287.dir/CheckSymbolExists.c.o
/usr/bin/cc    -o CMakeFiles/cmTryCompileExec3212432287.dir/CheckSymbolExists.c.o   -c /home/yuta/catkin_ws/src/roomba_robot/roomba_500driver_meiji/build/CMakeFiles/CMakeTmp/CheckSymbolExists.c
Linking C executable cmTryCompileExec3212432287
/usr/bin/cmake -E cmake_link_script CMakeFiles/cmTryCompileExec3212432287.dir/link.txt --verbose=1
/usr/bin/cc       CMakeFiles/cmTryCompileExec3212432287.dir/CheckSymbolExists.c.o  -o cmTryCompileExec3212432287 -rdynamic 
CMakeFiles/cmTryCompileExec3212432287.dir/CheckSymbolExists.c.o: 関数 `main' 内:
CheckSymbolExists.c:(.text+0x16): `pthread_create' に対する定義されていない参照です
collect2: error: ld returned 1 exit status
make[2]: *** [cmTryCompileExec3212432287] エラー 1
make[2]: ディレクトリ `/home/yuta/catkin_ws/src/roomba_robot/roomba_500driver_meiji/build/CMakeFiles/CMakeTmp' から出ます
make[1]: *** [cmTryCompileExec3212432287/fast] エラー 2
make[1]: ディレクトリ `/home/yuta/catkin_ws/src/roomba_robot/roomba_500driver_meiji/build/CMakeFiles/CMakeTmp' から出ます

File /home/yuta/catkin_ws/src/roomba_robot/roomba_500driver_meiji/build/CMakeFiles/CMakeTmp/CheckSymbolExists.c:
/* */
#include <pthread.h>

int main(int argc, char** argv)
{
  (void)argv;
#ifndef pthread_create
  return ((int*)(&pthread_create))[argc];
#else
  (void)argc;
  return 0;
#endif
}

Determining if the function pthread_create exists in the pthreads failed with the following output:
Change Dir: /home/yuta/catkin_ws/src/roomba_robot/roomba_500driver_meiji/build/CMakeFiles/CMakeTmp

Run Build Command:/usr/bin/make "cmTryCompileExec1273502979/fast"
make[1]: ディレクトリ `/home/yuta/catkin_ws/src/roomba_robot/roomba_500driver_meiji/build/CMakeFiles/CMakeTmp' に入ります
/usr/bin/make -f CMakeFiles/cmTryCompileExec1273502979.dir/build.make CMakeFiles/cmTryCompileExec1273502979.dir/build
make[2]: ディレクトリ `/home/yuta/catkin_ws/src/roomba_robot/roomba_500driver_meiji/build/CMakeFiles/CMakeTmp' に入ります
/usr/bin/cmake -E cmake_progress_report /home/yuta/catkin_ws/src/roomba_robot/roomba_500driver_meiji/build/CMakeFiles/CMakeTmp/CMakeFiles 1
Building C object CMakeFiles/cmTryCompileExec1273502979.dir/CheckFunctionExists.c.o
/usr/bin/cc   -DCHECK_FUNCTION_EXISTS=pthread_create   -o CMakeFiles/cmTryCompileExec1273502979.dir/CheckFunctionExists.c.o   -c /usr/share/cmake-2.8/Modules/CheckFunctionExists.c
Linking C executable cmTryCompileExec1273502979
/usr/bin/cmake -E cmake_link_script CMakeFiles/cmTryCompileExec1273502979.dir/link.txt --verbose=1
/usr/bin/cc   -DCHECK_FUNCTION_EXISTS=pthread_create    CMakeFiles/cmTryCompileExec1273502979.dir/CheckFunctionExists.c.o  -o cmTryCompileExec1273502979 -rdynamic -lpthreads 
/usr/bin/ld: -lpthreads が見つかりません
collect2: error: ld returned 1 exit status
make[2]: *** [cmTryCompileExec1273502979] エラー 1
make[2]: ディレクトリ `/home/yuta/catkin_ws/src/roomba_robot/roomba_500driver_meiji/build/CMakeFiles/CMakeTmp' から出ます
make[1]: *** [cmTryCompileExec1273502979/fast] エラー 2
make[1]: ディレクトリ `/home/yuta/catkin_ws/src/roomba_robot/roomba_500driver_meiji/build/CMakeFiles/CMakeTmp' から出ます


